<?xml version="1.0" encoding="UTF-8"?>
<!-- Generated by org.testng.reporters.JUnitXMLReporter -->
<testsuite hostname="Daddy" ignored="0" name="Test" tests="4" failures="0" timestamp="07 Jun 2021 20:15:38 GMT" time="266.429" errors="0">
  <testcase name="f" time="23.255" classname="lll.ApplyToJob_TestNG"/>
  <testcase name="f" time="30.714" classname="lll.UnapplyToJob_TestNG"/>
  <testcase name="f" time="43.928" classname="lll.ApplyError_TestNG"/>
  <testcase name="f" time="10.709" classname="lll.Search_TestNG"/>
</testsuite> <!-- Test -->
