<?xml version="1.0" encoding="UTF-8"?>
<testng-results ignored="0" total="1" passed="1" failed="0" skipped="0">
  <reporter-output>
  </reporter-output>
  <suite started-at="2021-05-31T16:22:21Z" name="Default suite" finished-at="2021-05-31T16:23:32Z" duration-ms="70947">
    <groups>
    </groups>
    <test started-at="2021-05-31T16:22:21Z" name="Default test" finished-at="2021-05-31T16:23:32Z" duration-ms="70947">
      <class name="Selenium_TestNG.Messaging_TestNG">
        <test-method is-config="true" signature="beforeMethod()[pri:0, instance:Selenium_TestNG.Messaging_TestNG@3c87521]" started-at="2021-05-31T16:22:21Z" name="beforeMethod" finished-at="2021-05-31T16:23:11Z" duration-ms="50557" status="PASS">
          <reporter-output>
          </reporter-output>
        </test-method> <!-- beforeMethod -->
        <test-method signature="f()[pri:0, instance:Selenium_TestNG.Messaging_TestNG@3c87521]" started-at="2021-05-31T16:23:11Z" name="f" finished-at="2021-05-31T16:23:31Z" duration-ms="19654" status="PASS">
          <reporter-output>
          </reporter-output>
        </test-method> <!-- f -->
        <test-method is-config="true" signature="afterMethod()[pri:0, instance:Selenium_TestNG.Messaging_TestNG@3c87521]" started-at="2021-05-31T16:23:31Z" name="afterMethod" finished-at="2021-05-31T16:23:32Z" duration-ms="719" status="PASS">
          <reporter-output>
          </reporter-output>
        </test-method> <!-- afterMethod -->
      </class> <!-- Selenium_TestNG.Messaging_TestNG -->
    </test> <!-- Default test -->
  </suite> <!-- Default suite -->
</testng-results>
