<?xml version="1.0" encoding="UTF-8"?>
<!-- Generated by org.testng.reporters.JUnitXMLReporter -->
<testsuite ignored="0" hostname="DESKTOP-6HRMBER" failures="0" tests="5" name="TestNG_Omar" time="299.746" errors="0" timestamp="07 Jun 2021 14:43:10 GMT">
  <testcase classname="TestNG_Omar.editProfileInfo_TestNG" name="f" time="50.783"/>
  <testcase classname="TestNG_Omar.addWorkExp_TestNG" name="f" time="35.601"/>
  <testcase classname="TestNG_Omar.editWorkExp_TestNG" name="f" time="30.812"/>
  <testcase classname="TestNG_Omar.deleteWorkExp_TestNG" name="f" time="15.979"/>
  <testcase classname="TestNG_Omar.addWorkExpNeg_TestNG" name="f" time="55.712"/>
</testsuite> <!-- TestNG_Omar -->
