<?xml version="1.0" encoding="UTF-8"?>
<testng-results ignored="0" total="5" passed="5" failed="0" skipped="0">
  <reporter-output>
  </reporter-output>
  <suite started-at="2021-06-07T14:38:10Z" name="Suite" finished-at="2021-06-07T14:43:10Z" duration-ms="299746">
    <groups>
    </groups>
    <test started-at="2021-06-07T14:38:10Z" name="TestNG_Omar" finished-at="2021-06-07T14:43:10Z" duration-ms="299746">
      <class name="TestNG_Omar.editProfileInfo_TestNG">
        <test-method is-config="true" signature="beforeMethod()[pri:0, instance:TestNG_Omar.editProfileInfo_TestNG@14a2f921]" started-at="2021-06-07T14:38:10Z" name="beforeMethod" finished-at="2021-06-07T14:38:37Z" duration-ms="26523" status="PASS">
          <reporter-output>
          </reporter-output>
        </test-method> <!-- beforeMethod -->
        <test-method signature="f()[pri:0, instance:TestNG_Omar.editProfileInfo_TestNG@14a2f921]" started-at="2021-06-07T14:38:37Z" name="f" finished-at="2021-06-07T14:39:27Z" duration-ms="50783" status="PASS">
          <reporter-output>
          </reporter-output>
        </test-method> <!-- f -->
        <test-method is-config="true" signature="afterMethod()[pri:0, instance:TestNG_Omar.editProfileInfo_TestNG@14a2f921]" started-at="2021-06-07T14:39:27Z" name="afterMethod" finished-at="2021-06-07T14:39:29Z" duration-ms="1102" status="PASS">
          <reporter-output>
          </reporter-output>
        </test-method> <!-- afterMethod -->
      </class> <!-- TestNG_Omar.editProfileInfo_TestNG -->
      <class name="TestNG_Omar.addWorkExpNeg_TestNG">
        <test-method is-config="true" signature="beforeMethod()[pri:0, instance:TestNG_Omar.addWorkExpNeg_TestNG@5762806e]" started-at="2021-06-07T14:41:55Z" name="beforeMethod" finished-at="2021-06-07T14:42:10Z" duration-ms="14225" status="PASS">
          <reporter-output>
          </reporter-output>
        </test-method> <!-- beforeMethod -->
        <test-method signature="f()[pri:0, instance:TestNG_Omar.addWorkExpNeg_TestNG@5762806e]" started-at="2021-06-07T14:42:10Z" name="f" finished-at="2021-06-07T14:43:05Z" duration-ms="55712" status="PASS">
          <reporter-output>
          </reporter-output>
        </test-method> <!-- f -->
        <test-method is-config="true" signature="afterMethod()[pri:0, instance:TestNG_Omar.addWorkExpNeg_TestNG@5762806e]" started-at="2021-06-07T14:43:05Z" name="afterMethod" finished-at="2021-06-07T14:43:10Z" duration-ms="4634" status="PASS">
          <reporter-output>
          </reporter-output>
        </test-method> <!-- afterMethod -->
      </class> <!-- TestNG_Omar.addWorkExpNeg_TestNG -->
      <class name="TestNG_Omar.deleteWorkExp_TestNG">
        <test-method is-config="true" signature="beforeMethod()[pri:0, instance:TestNG_Omar.deleteWorkExp_TestNG@548a102f]" started-at="2021-06-07T14:41:23Z" name="beforeMethod" finished-at="2021-06-07T14:41:39Z" duration-ms="15296" status="PASS">
          <reporter-output>
          </reporter-output>
        </test-method> <!-- beforeMethod -->
        <test-method signature="f()[pri:0, instance:TestNG_Omar.deleteWorkExp_TestNG@548a102f]" started-at="2021-06-07T14:41:39Z" name="f" finished-at="2021-06-07T14:41:55Z" duration-ms="15979" status="PASS">
          <reporter-output>
          </reporter-output>
        </test-method> <!-- f -->
        <test-method is-config="true" signature="afterMethod()[pri:0, instance:TestNG_Omar.deleteWorkExp_TestNG@548a102f]" started-at="2021-06-07T14:41:55Z" name="afterMethod" finished-at="2021-06-07T14:41:55Z" duration-ms="717" status="PASS">
          <reporter-output>
          </reporter-output>
        </test-method> <!-- afterMethod -->
      </class> <!-- TestNG_Omar.deleteWorkExp_TestNG -->
      <class name="TestNG_Omar.addWorkExp_TestNG">
        <test-method is-config="true" signature="beforeMethod()[pri:0, instance:TestNG_Omar.addWorkExp_TestNG@3c87521]" started-at="2021-06-07T14:39:29Z" name="beforeMethod" finished-at="2021-06-07T14:39:59Z" duration-ms="30860" status="PASS">
          <reporter-output>
          </reporter-output>
        </test-method> <!-- beforeMethod -->
        <test-method signature="f()[pri:0, instance:TestNG_Omar.addWorkExp_TestNG@3c87521]" started-at="2021-06-07T14:39:59Z" name="f" finished-at="2021-06-07T14:40:35Z" duration-ms="35601" status="PASS">
          <reporter-output>
          </reporter-output>
        </test-method> <!-- f -->
        <test-method is-config="true" signature="afterMethod()[pri:0, instance:TestNG_Omar.addWorkExp_TestNG@3c87521]" started-at="2021-06-07T14:40:35Z" name="afterMethod" finished-at="2021-06-07T14:40:36Z" duration-ms="735" status="PASS">
          <reporter-output>
          </reporter-output>
        </test-method> <!-- afterMethod -->
      </class> <!-- TestNG_Omar.addWorkExp_TestNG -->
      <class name="TestNG_Omar.editWorkExp_TestNG">
        <test-method is-config="true" signature="beforeMethod()[pri:0, instance:TestNG_Omar.editWorkExp_TestNG@2aece37d]" started-at="2021-06-07T14:40:36Z" name="beforeMethod" finished-at="2021-06-07T14:40:52Z" duration-ms="16007" status="PASS">
          <reporter-output>
          </reporter-output>
        </test-method> <!-- beforeMethod -->
        <test-method signature="f()[pri:0, instance:TestNG_Omar.editWorkExp_TestNG@2aece37d]" started-at="2021-06-07T14:40:52Z" name="f" finished-at="2021-06-07T14:41:23Z" duration-ms="30812" status="PASS">
          <reporter-output>
          </reporter-output>
        </test-method> <!-- f -->
        <test-method is-config="true" signature="afterMethod()[pri:0, instance:TestNG_Omar.editWorkExp_TestNG@2aece37d]" started-at="2021-06-07T14:41:23Z" name="afterMethod" finished-at="2021-06-07T14:41:23Z" duration-ms="732" status="PASS">
          <reporter-output>
          </reporter-output>
        </test-method> <!-- afterMethod -->
      </class> <!-- TestNG_Omar.editWorkExp_TestNG -->
    </test> <!-- TestNG_Omar -->
  </suite> <!-- Suite -->
</testng-results>
