<?xml version="1.0" encoding="UTF-8"?>
<!-- Generated by org.testng.reporters.JUnitXMLReporter -->
<testsuite ignored="0" hostname="Lord" failures="0" tests="4" name="Test" time="197.132" errors="0" timestamp="30 May 2021 21:45:17 GMT">
  <testcase classname="Selenium_TestNG.Messaging_TestNG" name="f" time="22.419"/>
  <testcase classname="Selenium_TestNG.DeleteMessage_TestNG" name="f" time="24.127"/>
  <testcase classname="Selenium_TestNG.RestoreMessage_TestNG" name="f" time="19.392"/>
  <testcase classname="Selenium_TestNG.MessageNotSent_TestNG" name="f" time="9.321"/>
</testsuite> <!-- Test -->
